[INFO  - 2016-04-28T12:31:19.111Z] GhostDriver - Main - running on port 14627
[INFO  - 2016-04-28T12:31:19.654Z] Session [1c1197e0-0d3d-11e6-9a58-fd935ed45679] - page.settings - {"XSSAuditingEnabled":false,"javascriptCanCloseWindows":true,"javascriptCanOpenWindows":true,"javascriptEnabled":true,"loadImages":true,"localToRemoteUrlAccessEnabled":false,"userAgent":"Mozilla/5.0 (Macintosh; Intel Mac OS X) AppleWebKit/538.1 (KHTML, like Gecko) PhantomJS/2.1.0 Safari/538.1","webSecurityEnabled":true}
[INFO  - 2016-04-28T12:31:19.654Z] Session [1c1197e0-0d3d-11e6-9a58-fd935ed45679] - page.customHeaders:  - {}
[INFO  - 2016-04-28T12:31:19.654Z] Session [1c1197e0-0d3d-11e6-9a58-fd935ed45679] - Session.negotiatedCapabilities - {"browserName":"phantomjs","version":"2.1.0","driverName":"ghostdriver","driverVersion":"1.2.0","platform":"mac-10.11 (El Capitan)-64bit","javascriptEnabled":true,"takesScreenshot":true,"handlesAlerts":false,"databaseEnabled":false,"locationContextEnabled":false,"applicationCacheEnabled":false,"browserConnectionEnabled":false,"cssSelectorsEnabled":true,"webStorageEnabled":false,"rotatable":false,"acceptSslCerts":false,"nativeEvents":true,"proxy":{"proxyType":"direct"}}
[INFO  - 2016-04-28T12:31:19.654Z] SessionManagerReqHand - _postNewSessionCommand - New Session Created: 1c1197e0-0d3d-11e6-9a58-fd935ed45679
[INFO  - 2016-04-28T12:32:40.842Z] GhostDriver - Main - running on port 40281
[INFO  - 2016-04-28T12:32:41.354Z] Session [4cc4a260-0d3d-11e6-b1a9-832bd39d95be] - page.settings - {"XSSAuditingEnabled":false,"javascriptCanCloseWindows":true,"javascriptCanOpenWindows":true,"javascriptEnabled":true,"loadImages":true,"localToRemoteUrlAccessEnabled":false,"userAgent":"Mozilla/5.0 (Macintosh; Intel Mac OS X) AppleWebKit/538.1 (KHTML, like Gecko) PhantomJS/2.1.0 Safari/538.1","webSecurityEnabled":true}
[INFO  - 2016-04-28T12:32:41.354Z] Session [4cc4a260-0d3d-11e6-b1a9-832bd39d95be] - page.customHeaders:  - {}
[INFO  - 2016-04-28T12:32:41.354Z] Session [4cc4a260-0d3d-11e6-b1a9-832bd39d95be] - Session.negotiatedCapabilities - {"browserName":"phantomjs","version":"2.1.0","driverName":"ghostdriver","driverVersion":"1.2.0","platform":"mac-10.11 (El Capitan)-64bit","javascriptEnabled":true,"takesScreenshot":true,"handlesAlerts":false,"databaseEnabled":false,"locationContextEnabled":false,"applicationCacheEnabled":false,"browserConnectionEnabled":false,"cssSelectorsEnabled":true,"webStorageEnabled":false,"rotatable":false,"acceptSslCerts":false,"nativeEvents":true,"proxy":{"proxyType":"direct"}}
[INFO  - 2016-04-28T12:32:41.354Z] SessionManagerReqHand - _postNewSessionCommand - New Session Created: 4cc4a260-0d3d-11e6-b1a9-832bd39d95be
[INFO  - 2016-04-28T12:32:41.898Z] ShutdownReqHand - _handle - About to shutdown
[INFO  - 2016-04-28T12:50:16.160Z] GhostDriver - Main - running on port 44975
[INFO  - 2016-04-28T12:50:16.714Z] Session [c1cf5530-0d3f-11e6-8287-998056ae38af] - page.settings - {"XSSAuditingEnabled":false,"javascriptCanCloseWindows":true,"javascriptCanOpenWindows":true,"javascriptEnabled":true,"loadImages":true,"localToRemoteUrlAccessEnabled":false,"userAgent":"Mozilla/5.0 (Macintosh; Intel Mac OS X) AppleWebKit/538.1 (KHTML, like Gecko) PhantomJS/2.1.0 Safari/538.1","webSecurityEnabled":true}
[INFO  - 2016-04-28T12:50:16.714Z] Session [c1cf5530-0d3f-11e6-8287-998056ae38af] - page.customHeaders:  - {}
[INFO  - 2016-04-28T12:50:16.714Z] Session [c1cf5530-0d3f-11e6-8287-998056ae38af] - Session.negotiatedCapabilities - {"browserName":"phantomjs","version":"2.1.0","driverName":"ghostdriver","driverVersion":"1.2.0","platform":"mac-10.11 (El Capitan)-64bit","javascriptEnabled":true,"takesScreenshot":true,"handlesAlerts":false,"databaseEnabled":false,"locationContextEnabled":false,"applicationCacheEnabled":false,"browserConnectionEnabled":false,"cssSelectorsEnabled":true,"webStorageEnabled":false,"rotatable":false,"acceptSslCerts":false,"nativeEvents":true,"proxy":{"proxyType":"direct"}}
[INFO  - 2016-04-28T12:50:16.714Z] SessionManagerReqHand - _postNewSessionCommand - New Session Created: c1cf5530-0d3f-11e6-8287-998056ae38af
[ERROR - 2016-04-28T12:50:28.473Z] Session [c1cf5530-0d3f-11e6-8287-998056ae38af] - page.onError - msg: Thu Apr 28 14:50:28 GMT+200 2016 com.vaadin.client.VConsole
SEVERE: Communication error: Invalid status code 0 (server down?)
[ERROR - 2016-04-28T12:50:28.473Z] Session [c1cf5530-0d3f-11e6-8287-998056ae38af] - page.onError - stack:
  v1 (http://localhost:8081/forum#!/category/1:1)
[ERROR - 2016-04-28T12:50:34.604Z] Session [c1cf5530-0d3f-11e6-8287-998056ae38af] - page.onError - msg: Thu Apr 28 14:50:34 GMT+200 2016 com.vaadin.client.VConsole
SEVERE: Communication error: Invalid status code 0 (server down?)
[ERROR - 2016-04-28T12:50:34.604Z] Session [c1cf5530-0d3f-11e6-8287-998056ae38af] - page.onError - stack:
  v1 (http://localhost:8081/forum#!/category/1:1)
[ERROR - 2016-04-28T12:50:47.347Z] Session [c1cf5530-0d3f-11e6-8287-998056ae38af] - page.onError - msg: Thu Apr 28 14:50:47 GMT+200 2016 com.vaadin.client.VConsole
SEVERE: Communication error: Invalid status code 0 (server down?)
[ERROR - 2016-04-28T12:50:47.347Z] Session [c1cf5530-0d3f-11e6-8287-998056ae38af] - page.onError - stack:
  v1 (http://localhost:8081/forum#!/category/1:1)
[INFO  - 2016-04-28T12:50:51.689Z] ShutdownReqHand - _handle - About to shutdown
